<?xml version="1.0" encoding="UTF-8"?>
<coverage generated="1618435434426" clover="3.2.0">
  <project timestamp="1618435434426" name="All files">
    <metrics statements="18" coveredstatements="14" conditionals="26" coveredconditionals="15" methods="2" coveredmethods="2" elements="46" coveredelements="31" complexity="0" loc="18" ncloc="18" packages="1" files="1" classes="1"/>
    <file name="j_Test.js" path="/home/ayush/AltCampus/JavaScript-Intro/TA-JS-advanced-dom-and-test-TJaaan/block-BJaajh/code/j_Test.js">
      <metrics statements="18" coveredstatements="14" conditionals="26" coveredconditionals="15" methods="2" coveredmethods="2"/>
      <line num="2" count="3" type="stmt"/>
      <line num="3" count="3" type="cond" truecount="2" falsecount="0"/>
      <line num="4" count="1" type="stmt"/>
      <line num="5" count="2" type="cond" truecount="2" falsecount="0"/>
      <line num="6" count="1" type="stmt"/>
      <line num="8" count="1" type="stmt"/>
      <line num="11" count="3" type="stmt"/>
      <line num="15" count="3" type="cond" truecount="1" falsecount="1"/>
      <line num="22" count="3" type="cond" truecount="2" falsecount="0"/>
      <line num="23" count="1" type="stmt"/>
      <line num="24" count="2" type="cond" truecount="2" falsecount="2"/>
      <line num="25" count="0" type="stmt"/>
      <line num="26" count="2" type="cond" truecount="2" falsecount="2"/>
      <line num="27" count="0" type="stmt"/>
      <line num="28" count="2" type="cond" truecount="2" falsecount="2"/>
      <line num="29" count="0" type="stmt"/>
      <line num="32" count="0" type="stmt"/>
      <line num="36" count="1" type="stmt"/>
    </file>
  </project>
</coverage>
