{"/home/ayush/AltCampus/JavaScript-Intro/TA-JS-advanced-dom-and-test-TJaaan/block-BJaajh/code/j_Test.js": {"path":"/home/ayush/AltCampus/JavaScript-Intro/TA-JS-advanced-dom-and-test-TJaaan/block-BJaajh/code/j_Test.js","statementMap":{"0":{"start":{"line":2,"column":15},"end":{"line":2,"column":17}},"1":{"start":{"line":3,"column":2},"end":{"line":9,"column":3}},"2":{"start":{"line":4,"column":4},"end":{"line":4,"column":38}},"3":{"start":{"line":5,"column":9},"end":{"line":9,"column":3}},"4":{"start":{"line":6,"column":4},"end":{"line":6,"column":37}},"5":{"start":{"line":8,"column":4},"end":{"line":8,"column":41}},"6":{"start":{"line":11,"column":2},"end":{"line":11,"column":16}},"7":{"start":{"line":15,"column":2},"end":{"line":33,"column":3}},"8":{"start":{"line":22,"column":4},"end":{"line":30,"column":5}},"9":{"start":{"line":23,"column":6},"end":{"line":23,"column":19}},"10":{"start":{"line":24,"column":11},"end":{"line":30,"column":5}},"11":{"start":{"line":25,"column":6},"end":{"line":25,"column":32}},"12":{"start":{"line":26,"column":11},"end":{"line":30,"column":5}},"13":{"start":{"line":27,"column":6},"end":{"line":27,"column":34}},"14":{"start":{"line":28,"column":11},"end":{"line":30,"column":5}},"15":{"start":{"line":29,"column":6},"end":{"line":29,"column":35}},"16":{"start":{"line":32,"column":4},"end":{"line":32,"column":30}},"17":{"start":{"line":36,"column":0},"end":{"line":39,"column":2}}},"fnMap":{"0":{"name":"checkFive","decl":{"start":{"line":1,"column":9},"end":{"line":1,"column":18}},"loc":{"start":{"line":1,"column":24},"end":{"line":12,"column":1}},"line":1},"1":{"name":"getWinner","decl":{"start":{"line":14,"column":9},"end":{"line":14,"column":18}},"loc":{"start":{"line":14,"column":35},"end":{"line":34,"column":1}},"line":14}},"branchMap":{"0":{"loc":{"start":{"line":3,"column":2},"end":{"line":9,"column":3}},"type":"if","locations":[{"start":{"line":3,"column":2},"end":{"line":9,"column":3}},{"start":{"line":3,"column":2},"end":{"line":9,"column":3}}],"line":3},"1":{"loc":{"start":{"line":5,"column":9},"end":{"line":9,"column":3}},"type":"if","locations":[{"start":{"line":5,"column":9},"end":{"line":9,"column":3}},{"start":{"line":5,"column":9},"end":{"line":9,"column":3}}],"line":5},"2":{"loc":{"start":{"line":15,"column":2},"end":{"line":33,"column":3}},"type":"if","locations":[{"start":{"line":15,"column":2},"end":{"line":33,"column":3}},{"start":{"line":15,"column":2},"end":{"line":33,"column":3}}],"line":15},"3":{"loc":{"start":{"line":16,"column":4},"end":{"line":20,"column":14}},"type":"binary-expr","locations":[{"start":{"line":16,"column":4},"end":{"line":16,"column":21}},{"start":{"line":17,"column":4},"end":{"line":17,"column":11}},{"start":{"line":18,"column":5},"end":{"line":18,"column":15}},{"start":{"line":18,"column":19},"end":{"line":18,"column":36}},{"start":{"line":19,"column":4},"end":{"line":19,"column":11}},{"start":{"line":20,"column":4},"end":{"line":20,"column":14}}],"line":16},"4":{"loc":{"start":{"line":22,"column":4},"end":{"line":30,"column":5}},"type":"if","locations":[{"start":{"line":22,"column":4},"end":{"line":30,"column":5}},{"start":{"line":22,"column":4},"end":{"line":30,"column":5}}],"line":22},"5":{"loc":{"start":{"line":24,"column":11},"end":{"line":30,"column":5}},"type":"if","locations":[{"start":{"line":24,"column":11},"end":{"line":30,"column":5}},{"start":{"line":24,"column":11},"end":{"line":30,"column":5}}],"line":24},"6":{"loc":{"start":{"line":24,"column":15},"end":{"line":24,"column":55}},"type":"binary-expr","locations":[{"start":{"line":24,"column":15},"end":{"line":24,"column":34}},{"start":{"line":24,"column":38},"end":{"line":24,"column":55}}],"line":24},"7":{"loc":{"start":{"line":26,"column":11},"end":{"line":30,"column":5}},"type":"if","locations":[{"start":{"line":26,"column":11},"end":{"line":30,"column":5}},{"start":{"line":26,"column":11},"end":{"line":30,"column":5}}],"line":26},"8":{"loc":{"start":{"line":26,"column":15},"end":{"line":26,"column":58}},"type":"binary-expr","locations":[{"start":{"line":26,"column":15},"end":{"line":26,"column":36}},{"start":{"line":26,"column":40},"end":{"line":26,"column":58}}],"line":26},"9":{"loc":{"start":{"line":28,"column":11},"end":{"line":30,"column":5}},"type":"if","locations":[{"start":{"line":28,"column":11},"end":{"line":30,"column":5}},{"start":{"line":28,"column":11},"end":{"line":30,"column":5}}],"line":28},"10":{"loc":{"start":{"line":28,"column":15},"end":{"line":28,"column":57}},"type":"binary-expr","locations":[{"start":{"line":28,"column":15},"end":{"line":28,"column":32}},{"start":{"line":28,"column":36},"end":{"line":28,"column":57}}],"line":28}},"s":{"0":3,"1":3,"2":1,"3":2,"4":1,"5":1,"6":3,"7":3,"8":3,"9":1,"10":2,"11":0,"12":2,"13":0,"14":2,"15":0,"16":0,"17":1},"f":{"0":3,"1":3},"b":{"0":[1,2],"1":[1,1],"2":[3,0],"3":[3,2,0,0,0,0],"4":[1,2],"5":[0,2],"6":[2,0],"7":[0,2],"8":[2,0],"9":[0,2],"10":[2,0]},"_coverageSchema":"1a1c01bbd47fc00a2c39e90264f33305004495a9","hash":"90ed73d2533acdfcc33e70ef81b4a5a1d6faef47"}
}
