TN:
SF:j_Test.js
FN:1,checkFive
FN:14,getWinner
FNF:2
FNH:2
FNDA:3,checkFive
FNDA:3,getWinner
DA:2,3
DA:3,3
DA:4,1
DA:5,2
DA:6,1
DA:8,1
DA:11,3
DA:15,3
DA:22,3
DA:23,1
DA:24,2
DA:25,0
DA:26,2
DA:27,0
DA:28,2
DA:29,0
DA:32,0
DA:36,1
LF:18
LH:14
BRDA:3,0,0,1
BRDA:3,0,1,2
BRDA:5,1,0,1
BRDA:5,1,1,1
BRDA:15,2,0,3
BRDA:15,2,1,0
BRDA:16,3,0,3
BRDA:16,3,1,2
BRDA:16,3,2,0
BRDA:16,3,3,0
BRDA:16,3,4,0
BRDA:16,3,5,0
BRDA:22,4,0,1
BRDA:22,4,1,2
BRDA:24,5,0,0
BRDA:24,5,1,2
BRDA:24,6,0,2
BRDA:24,6,1,0
BRDA:26,7,0,0
BRDA:26,7,1,2
BRDA:26,8,0,2
BRDA:26,8,1,0
BRDA:28,9,0,0
BRDA:28,9,1,2
BRDA:28,10,0,2
BRDA:28,10,1,0
BRF:26
BRH:15
end_of_record
