{"/home/ayush/AltCampus/JavaScript-Intro/TA-JS-advanced-dom-and-test-TJaaan/block-BJaajd/code/calculator.js": {"path":"/home/ayush/AltCampus/JavaScript-Intro/TA-JS-advanced-dom-and-test-TJaaan/block-BJaajd/code/calculator.js","statementMap":{"0":{"start":{"line":14,"column":22},"end":{"line":14,"column":38}},"1":{"start":{"line":15,"column":2},"end":{"line":15,"column":31}},"2":{"start":{"line":16,"column":2},"end":{"line":16,"column":13}},"3":{"start":{"line":19,"column":0},"end":{"line":27,"column":2}}},"fnMap":{"0":{"name":"add","decl":{"start":{"line":1,"column":9},"end":{"line":1,"column":12}},"loc":{"start":{"line":1,"column":15},"end":{"line":1,"column":17}},"line":1},"1":{"name":"subtract","decl":{"start":{"line":3,"column":9},"end":{"line":3,"column":17}},"loc":{"start":{"line":3,"column":20},"end":{"line":3,"column":22}},"line":3},"2":{"name":"sum","decl":{"start":{"line":5,"column":9},"end":{"line":5,"column":12}},"loc":{"start":{"line":5,"column":15},"end":{"line":5,"column":17}},"line":5},"3":{"name":"multiply","decl":{"start":{"line":7,"column":9},"end":{"line":7,"column":17}},"loc":{"start":{"line":7,"column":20},"end":{"line":7,"column":22}},"line":7},"4":{"name":"power","decl":{"start":{"line":9,"column":9},"end":{"line":9,"column":14}},"loc":{"start":{"line":9,"column":17},"end":{"line":9,"column":19}},"line":9},"5":{"name":"factorial","decl":{"start":{"line":11,"column":9},"end":{"line":11,"column":18}},"loc":{"start":{"line":11,"column":21},"end":{"line":11,"column":23}},"line":11},"6":{"name":"removeFromArray","decl":{"start":{"line":13,"column":9},"end":{"line":13,"column":24}},"loc":{"start":{"line":13,"column":35},"end":{"line":17,"column":1}},"line":13}},"branchMap":{},"s":{"0":2,"1":2,"2":2,"3":1},"f":{"0":0,"1":0,"2":0,"3":0,"4":0,"5":0,"6":2},"b":{},"_coverageSchema":"1a1c01bbd47fc00a2c39e90264f33305004495a9","hash":"1faeb3db21b5d852b09524460918ab046adf5646"}
}
